21:49:03.844 [main                     ] DEBUG Logger               - Configured Logger
21:49:03.900 [main                     ] DEBUG GameApplication      - Logging settings
Title: Pong FX
Version: prototype 0.1
Width: 854
Height: 480
Fullscreen: false
Intro: false
Profiling: false
Single step:false
App Mode: DEVELOPER
Menu Key: ESCAPE
Stage Style: DECORATED
Scene Factory: class com.almasb.fxgl.app.scene.SceneFactory

21:49:04.676 [JavaFX Application Thread] DEBUG FXGLApplication      - Initializing FXGL
21:49:04.683 [JavaFX Application Thread] INFO  Engine               - FXGL-17.3 (30.03.2023 11.49) on WINDOWS (J:21.0.1 FX:21)
21:49:04.684 [JavaFX Application Thread] DEBUG Engine               - JRE Vendor Name: Oracle Corporation
21:49:04.685 [JavaFX Application Thread] DEBUG Engine               - Running on OS: Windows 10 version 10.0
21:49:04.685 [JavaFX Application Thread] DEBUG Engine               - Architecture: amd64
21:49:04.685 [JavaFX Application Thread] INFO  Engine               - Source code and latest versions at: https://github.com/AlmasB/FXGL
21:49:04.685 [JavaFX Application Thread] INFO  Engine               -       Ask questions and discuss at: https://github.com/AlmasB/FXGL/discussions
21:49:04.686 [JavaFX Application Thread] INFO  Engine               -              Join the FXGL chat at: https://gitter.im/AlmasB/FXGL
21:49:04.881 [JavaFX Application Thread] DEBUG PrimaryStageWindow   - Creating a JavaFX scene
21:49:05.019 [JavaFX Application Thread] DEBUG PrimaryStageWindow   - Target settings size: 854.0 x 480.0
21:49:05.019 [JavaFX Application Thread] DEBUG PrimaryStageWindow   - Scaled scene size:    854.0 x 480.0
21:49:05.020 [JavaFX Application Thread] DEBUG PrimaryStageWindow   - Scaled ratio: (1.0, 1.0)
21:49:05.022 [JavaFX Application Thread] DEBUG PrimaryStageWindow   - Set initial scene to FXGLStartupScene
21:49:05.028 [JavaFX Application Thread] DEBUG PrimaryStageWindow   - Opening main window
21:49:05.207 [JavaFX Application Thread] DEBUG PrimaryStageWindow   - Window border size: (14.79998779296875, 37.5999755859375)
21:49:05.208 [JavaFX Application Thread] DEBUG PrimaryStageWindow   - Scaled size: 854.0 x 480.0
21:49:05.209 [JavaFX Application Thread] DEBUG PrimaryStageWindow   - Scaled ratio: (1.0, 1.0)
21:49:05.210 [JavaFX Application Thread] DEBUG PrimaryStageWindow   - Scene size: 854.0 x 480.0
21:49:05.211 [JavaFX Application Thread] DEBUG PrimaryStageWindow   - Stage size: 868.7999877929688 x 517.5999755859375
21:49:05.230 [FXGL Background Thread 1 ] DEBUG Engine               - Initializing environment variables
21:49:05.354 [FXGL Background Thread 1 ] DEBUG FXGLAssetLoaderServi - User app class for loading assets: class com.pong.pingpong.PongFX
21:49:05.355 [FXGL Background Thread 1 ] DEBUG GameApplicationServi - Applying CSS: fxgl_dark.css
21:49:05.356 [FXGL Background Thread 1 ] DEBUG FXGLAssetLoaderServi - Loading from file system: jar:file:///C:/Users/Ytalk/.m2/repository/com/github/almasb/fxgl/17.3/fxgl-17.3.jar!/fxglassets/ui/css/fxgl_dark.css
21:49:05.459 [FXGL Background Thread 1 ] DEBUG GameApplicationServi - Initializing application scenes
21:49:05.671 [FXGL Background Thread 1 ] DEBUG GameWorld            - Game world initialized
21:49:05.858 [FXGL Background Thread 1 ] DEBUG PhysicsWorld         - Physics world initialized: appHeight=480, physics.ppm=50,0
21:49:05.858 [FXGL Background Thread 1 ] DEBUG PhysicsWorld         - Using strategy: BRUTE_FORCE
21:49:05.867 [FXGL Background Thread 1 ] DEBUG GameScene            - Game scene initialized: 854x480
21:49:05.893 [FXGL Background Thread 1 ] WARN  FXGL.DefaultMenu     - FXGLDefaultMenu is not designed for resolutions < 800x600
21:49:05.894 [FXGL Background Thread 1 ] DEBUG FXGL.DefaultMenu     - createMenuBodyGameMenu()
21:49:05.934 [FXGL Background Thread 1 ] DEBUG FXGL.DefaultMenu     - createOptionsMenu()
21:49:05.956 [FXGL Background Thread 1 ] DEBUG FXGLAssetLoaderServi - Loading from file system: jar:file:///C:/Users/Ytalk/.m2/repository/com/github/almasb/fxgl/17.3/fxgl-17.3.jar!/fxglassets/textures/particles/smoke.png
21:49:06.192 [FXGL Background Thread 1 ] DEBUG FXGLAssetLoaderServi - Loading from file system: jar:file:///C:/Users/Ytalk/.m2/repository/com/github/almasb/fxgl/17.3/fxgl-17.3.jar!/fxglassets/textures/particles/trace_horizontal.png
21:49:06.264 [FXGL Background Thread 1 ] DEBUG GameApplicationServi - Application scenes initialized
21:49:06.298 [FXGL Background Thread 1 ] DEBUG SystemBundleService  - Loading FXGL system data
21:49:06.320 [FXGL Background Thread 1 ] DEBUG FileSystemAccess     - Reading from: D:\Dev\ping-pong\system\fxgl.bundle
21:49:06.348 [FXGL Background Thread 1 ] DEBUG SystemBundleService  - Bundle FXGL: {}
21:49:06.348 [FXGL Background Thread 1 ] DEBUG UpdaterService       - Checking for updates
21:49:06.358 [FXGL Background Thread 1 ] DEBUG FXGLApplication      - Loading default localization
21:49:06.359 [FXGL Background Thread 1 ] DEBUG FXGLAssetLoaderServi - Loading from file system: jar:file:///C:/Users/Ytalk/.m2/repository/com/github/almasb/fxgl/17.3/fxgl-17.3.jar!/fxglassets/languages/english.lang
21:49:06.363 [FXGL Background Thread 4 ] DEBUG FXGLApplication      - Loading fonts
21:49:06.364 [FXGL Background Thread 4 ] DEBUG FXGLAssetLoaderServi - Loading from file system: jar:file:///C:/Users/Ytalk/.m2/repository/com/github/almasb/fxgl/17.3/fxgl-17.3.jar!/fxglassets/ui/fonts/VarelaRound-Regular.ttf
21:49:06.412 [FXGL Background Thread 1 ] INFO  FXGLApplication      - FXGL initialization took: 1,182 sec
21:49:06.415 [JavaFX Application Thread] DEBUG FXGLAssetLoaderServi - Loading from file system: jar:file:///C:/Users/Ytalk/.m2/repository/com/github/almasb/fxgl/17.3/fxgl-17.3.jar!/fxglassets/textures/fxgl_icon.png
21:49:06.504 [JavaFX Application Thread] DEBUG FXGLAssetLoaderServi - Loading from file system: jar:file:///C:/Users/Ytalk/.m2/repository/com/github/almasb/fxgl/17.3/fxgl-17.3.jar!/fxglassets/textures/fxgl_default_cursor.png
21:49:06.534 [JavaFX Application Thread] DEBUG Input                - Registered new binding: Screenshot - CTRL+8
21:49:06.536 [JavaFX Application Thread] DEBUG Input                - Registered new binding: System info dump - CTRL+9
21:49:06.536 [JavaFX Application Thread] DEBUG Input                - Registered new binding: Restart - CTRL+R
21:49:06.538 [JavaFX Application Thread] DEBUG Input                - Registered new binding: Toggle Debug Camera - CTRL+7
21:49:06.547 [JavaFX Application Thread] DEBUG LoopRunner           - Starting loop
21:49:06.547 [JavaFX Application Thread] DEBUG LoopRunner           - Initializing JavaFX AnimationTimerLoop
21:49:06.550 [JavaFX Application Thread] DEBUG GameApplicationServi - Starting new game
21:49:06.553 [JavaFX Application Thread] DEBUG Input                - Clearing active input actions
21:49:06.624 [JavaFX Application Thread] DEBUG GameApplicationServi - Removing overlay from FXGLStartupScene and adding to FXGLLoadingScene
21:49:06.625 [JavaFX Application Thread] DEBUG PrimaryStageWindow   - FXGLStartupScene -> FXGLLoadingScene
21:49:06.625 [JavaFX Application Thread] DEBUG GameApplicationServi - Clearing previous game
21:49:06.625 [JavaFX Application Thread] DEBUG GameScene            - Clearing game scene
21:49:06.626 [JavaFX Application Thread] DEBUG GameWorld            - Clearing game world
21:49:06.626 [JavaFX Application Thread] DEBUG PhysicsWorld         - Clearing physics world
21:49:06.631 [FXGL Background Thread 1 ] DEBUG FXGLApplication      - Initializing game
21:49:06.744 [FXGL Background Thread 4 ] DEBUG FXGLAssetLoaderServi - Loading from file system: jar:file:///C:/Users/Ytalk/.m2/repository/com/github/almasb/fxgl/17.3/fxgl-17.3.jar!/fxglassets/ui/fonts/Abel-Regular.ttf
21:49:06.785 [FXGL Background Thread 4 ] DEBUG FXGLAssetLoaderServi - Loading from file system: jar:file:///C:/Users/Ytalk/.m2/repository/com/github/almasb/fxgl/17.3/fxgl-17.3.jar!/fxglassets/ui/fonts/TerminalLandMono-Regular.otf
21:49:06.822 [FXGL Background Thread 4 ] DEBUG FXGLAssetLoaderServi - Loading from file system: jar:file:///C:/Users/Ytalk/.m2/repository/com/github/almasb/fxgl/17.3/fxgl-17.3.jar!/fxglassets/ui/fonts/Courier-Prime.ttf
21:49:06.870 [FXGL Background Thread 1 ] INFO  FXGLApplication      - Game initialization took: 0,240 sec
21:49:06.991 [JavaFX Application Thread] DEBUG Input                - Clearing active input actions
21:49:07.014 [JavaFX Application Thread] DEBUG GameApplicationServi - Removing overlay from FXGLLoadingScene and adding to GameScene
21:49:07.014 [JavaFX Application Thread] DEBUG PrimaryStageWindow   - FXGLLoadingScene -> GameScene
21:49:07.015 [JavaFX Application Thread] DEBUG FXGLApplication      - Registering font factories with UI factory
21:49:09.355 [FXGL Background Thread 3 ] DEBUG Engine               - Logging environment variables
21:49:09.359 [FXGL Background Thread 3 ] DEBUG Engine               - achievements: []
21:49:09.359 [FXGL Background Thread 3 ] DEBUG Engine               - actualHeight: 480.0
21:49:09.360 [FXGL Background Thread 3 ] DEBUG Engine               - actualHeightProperty: ReadOnlyDoubleProperty [value: 480.0]
21:49:09.360 [FXGL Background Thread 3 ] DEBUG Engine               - actualWidth: 854.0
21:49:09.361 [FXGL Background Thread 3 ] DEBUG Engine               - actualWidthProperty: ReadOnlyDoubleProperty [value: 854.0]
21:49:09.361 [FXGL Background Thread 3 ] DEBUG Engine               - appIcon: fxgl_icon.png
21:49:09.361 [FXGL Background Thread 3 ] DEBUG Engine               - applicationMode: DEVELOPER
21:49:09.362 [FXGL Background Thread 3 ] DEBUG Engine               - cSSList: [fxgl_dark.css]
21:49:09.362 [FXGL Background Thread 3 ] DEBUG Engine               - collisionDetectionStrategy: BRUTE_FORCE
21:49:09.362 [FXGL Background Thread 3 ] DEBUG Engine               - configClass: Optional.empty
21:49:09.363 [FXGL Background Thread 3 ] DEBUG Engine               - credits: []
21:49:09.364 [FXGL Background Thread 3 ] DEBUG Engine               - defaultCursor: CursorInfo(imageName=fxgl_default_cursor.png, hotspotX=7.0, hotspotY=6.0)
21:49:09.365 [FXGL Background Thread 3 ] DEBUG Engine               - devBBoxColorProperty: ObjectProperty [value: 0xff0000ff]
21:49:09.365 [FXGL Background Thread 3 ] DEBUG Engine               - devEnableDebugCameraProperty: BooleanProperty [value: false]
21:49:09.366 [FXGL Background Thread 3 ] DEBUG Engine               - devSensorColorProperty: ObjectProperty [value: 0xffff00ff]
21:49:09.366 [FXGL Background Thread 3 ] DEBUG Engine               - devShowBBoxProperty: BooleanProperty [value: false]
21:49:09.366 [FXGL Background Thread 3 ] DEBUG Engine               - devShowPositionProperty: BooleanProperty [value: false]
21:49:09.367 [FXGL Background Thread 3 ] DEBUG Engine               - enabledMenuItems: []
21:49:09.368 [FXGL Background Thread 3 ] DEBUG Engine               - engineServices: [class com.almasb.fxgl.app.services.FXGLAssetLoaderService, class com.almasb.fxgl.app.FXGLApplication$GameApplicationService, class com.almasb.fxgl.app.services.FXGLDialogService, class com.almasb.fxgl.app.services.IOTaskExecutorService, class com.almasb.fxgl.io.FileSystemService, class com.almasb.fxgl.localization.LocalizationService, class com.almasb.fxgl.app.services.SystemBundleService, class com.almasb.fxgl.profile.SaveLoadService, class com.almasb.fxgl.ui.FXGLUIFactoryServiceProvider, class com.almasb.fxgl.ui.FXGLDialogFactoryServiceProvider, class com.almasb.fxgl.audio.AudioPlayer, class com.almasb.fxgl.notification.impl.NotificationServiceProvider, class com.almasb.fxgl.achievement.AchievementService, class com.almasb.fxgl.cutscene.CutsceneService, class com.almasb.fxgl.minigames.MiniGameService, class com.almasb.fxgl.net.NetService, class com.almasb.fxgl.app.services.UpdaterService, class com.almasb.fxgl.dev.DevService]
21:49:09.368 [FXGL Background Thread 3 ] DEBUG Engine               - fontGame: Abel-Regular.ttf
21:49:09.369 [FXGL Background Thread 3 ] DEBUG Engine               - fontMono: TerminalLandMono-Regular.otf
21:49:09.369 [FXGL Background Thread 3 ] DEBUG Engine               - fontSizeScaleUI: 1.0
21:49:09.370 [FXGL Background Thread 3 ] DEBUG Engine               - fontText: Courier-Prime.ttf
21:49:09.370 [FXGL Background Thread 3 ] DEBUG Engine               - fontUI: VarelaRound-Regular.ttf
21:49:09.370 [FXGL Background Thread 3 ] DEBUG Engine               - fullScreen: BooleanProperty [value: false]
21:49:09.371 [FXGL Background Thread 3 ] DEBUG Engine               - gameDifficulty: MEDIUM
21:49:09.372 [FXGL Background Thread 3 ] DEBUG Engine               - gameDifficultyProperty: ObjectProperty [value: MEDIUM]
21:49:09.373 [FXGL Background Thread 3 ] DEBUG Engine               - globalMusicVolume: 0.5
21:49:09.374 [FXGL Background Thread 3 ] DEBUG Engine               - globalMusicVolumeProperty: DoubleProperty [value: 0.5]
21:49:09.374 [FXGL Background Thread 3 ] DEBUG Engine               - globalSoundVolume: 0.5
21:49:09.375 [FXGL Background Thread 3 ] DEBUG Engine               - globalSoundVolumeProperty: DoubleProperty [value: 0.5]
21:49:09.375 [FXGL Background Thread 3 ] DEBUG Engine               - height: 480
21:49:09.376 [FXGL Background Thread 3 ] DEBUG Engine               - is3D: false
21:49:09.377 [FXGL Background Thread 3 ] DEBUG Engine               - isAndroid: false
21:49:09.377 [FXGL Background Thread 3 ] DEBUG Engine               - isBrowser: false
21:49:09.377 [FXGL Background Thread 3 ] DEBUG Engine               - isClickFeedbackEnabled: false
21:49:09.378 [FXGL Background Thread 3 ] DEBUG Engine               - isCloseConfirmation: false
21:49:09.378 [FXGL Background Thread 3 ] DEBUG Engine               - isDesktop: true
21:49:09.378 [FXGL Background Thread 3 ] DEBUG Engine               - isDeveloperMenuEnabled: false
21:49:09.379 [FXGL Background Thread 3 ] DEBUG Engine               - isEmbedded: false
21:49:09.379 [FXGL Background Thread 3 ] DEBUG Engine               - isEntityPreloadEnabled: true
21:49:09.379 [FXGL Background Thread 3 ] DEBUG Engine               - isExperimentalTiledLargeMap: false
21:49:09.380 [FXGL Background Thread 3 ] DEBUG Engine               - isFileSystemWriteAllowed: true
21:49:09.381 [FXGL Background Thread 3 ] DEBUG Engine               - isFullScreenAllowed: false
21:49:09.382 [FXGL Background Thread 3 ] DEBUG Engine               - isFullScreenFromStart: false
21:49:09.382 [FXGL Background Thread 3 ] DEBUG Engine               - isGameMenuEnabled: true
21:49:09.383 [FXGL Background Thread 3 ] DEBUG Engine               - isIOS: false
21:49:09.383 [FXGL Background Thread 3 ] DEBUG Engine               - isIntroEnabled: false
21:49:09.384 [FXGL Background Thread 3 ] DEBUG Engine               - isLinux: false
21:49:09.384 [FXGL Background Thread 3 ] DEBUG Engine               - isMac: false
21:49:09.384 [FXGL Background Thread 3 ] DEBUG Engine               - isMainMenuEnabled: false
21:49:09.384 [FXGL Background Thread 3 ] DEBUG Engine               - isManualResizeEnabled: false
21:49:09.384 [FXGL Background Thread 3 ] DEBUG Engine               - isMobile: false
21:49:09.384 [FXGL Background Thread 3 ] DEBUG Engine               - isNative: false
21:49:09.384 [FXGL Background Thread 3 ] DEBUG Engine               - isPauseMusicWhenMinimized: true
21:49:09.385 [FXGL Background Thread 3 ] DEBUG Engine               - isPreserveResizeRatio: false
21:49:09.385 [FXGL Background Thread 3 ] DEBUG Engine               - isProfilingEnabled: false
21:49:09.385 [FXGL Background Thread 3 ] DEBUG Engine               - isScaleAffectedOnResize: true
21:49:09.385 [FXGL Background Thread 3 ] DEBUG Engine               - isSingleStep: false
21:49:09.385 [FXGL Background Thread 3 ] DEBUG Engine               - isUserProfileEnabled: false
21:49:09.385 [FXGL Background Thread 3 ] DEBUG Engine               - isWindows: true
21:49:09.386 [FXGL Background Thread 3 ] DEBUG Engine               - language: ObjectProperty [value: ENGLISH]
21:49:09.386 [FXGL Background Thread 3 ] DEBUG Engine               - menuKey: ESCAPE
21:49:09.386 [FXGL Background Thread 3 ] DEBUG Engine               - mouseSensitivity: 0.2
21:49:09.387 [FXGL Background Thread 3 ] DEBUG Engine               - notificationViewClass: class com.almasb.fxgl.notification.view.XboxNotificationView
21:49:09.387 [FXGL Background Thread 3 ] DEBUG Engine               - pixelsPerMeter: 50.0
21:49:09.387 [FXGL Background Thread 3 ] DEBUG Engine               - platform: WINDOWS
21:49:09.387 [FXGL Background Thread 3 ] DEBUG Engine               - prefHeightProperty: ReadOnlyDoubleProperty [value: 480.0]
21:49:09.388 [FXGL Background Thread 3 ] DEBUG Engine               - prefWidthProperty: ReadOnlyDoubleProperty [value: 854.0]
21:49:09.388 [FXGL Background Thread 3 ] DEBUG Engine               - profileDir: profiles/
21:49:09.388 [FXGL Background Thread 3 ] DEBUG Engine               - profileName: StringProperty [value: DEFAULT]
21:49:09.388 [FXGL Background Thread 3 ] DEBUG Engine               - randomSeed: -1
21:49:09.389 [FXGL Background Thread 3 ] DEBUG Engine               - runtimeInfo: RuntimeInfo(platform=WINDOWS, version=17.3, build=30.03.2023 11.49)
21:49:09.390 [FXGL Background Thread 3 ] DEBUG Engine               - saveFileExt: sav
21:49:09.390 [FXGL Background Thread 3 ] DEBUG Engine               - scaledHeightProp$fxgl: DoubleProperty [bound, value: 480.0]
21:49:09.391 [FXGL Background Thread 3 ] DEBUG Engine               - scaledWidthProp$fxgl: DoubleProperty [bound, value: 854.0]
21:49:09.391 [FXGL Background Thread 3 ] DEBUG Engine               - sceneFactory: com.almasb.fxgl.app.scene.SceneFactory@31d0a07c
21:49:09.391 [FXGL Background Thread 3 ] DEBUG Engine               - secondsIn24h: 60
21:49:09.391 [FXGL Background Thread 3 ] DEBUG Engine               - soundMenuBack: menu/back.wav
21:49:09.392 [FXGL Background Thread 3 ] DEBUG Engine               - soundMenuPress: menu/press.wav
21:49:09.392 [FXGL Background Thread 3 ] DEBUG Engine               - soundMenuSelect: menu/select.wav
21:49:09.392 [FXGL Background Thread 3 ] DEBUG Engine               - soundNotification: core/notification.wav
21:49:09.392 [FXGL Background Thread 3 ] DEBUG Engine               - stageStyle: DECORATED
21:49:09.392 [FXGL Background Thread 3 ] DEBUG Engine               - supportedLanguages: [ENGLISH, FRENCH, GERMAN, HUNGARIAN, RUSSIAN]
21:49:09.393 [FXGL Background Thread 3 ] DEBUG Engine               - ticksPerSecond: -1
21:49:09.393 [FXGL Background Thread 3 ] DEBUG Engine               - title: Pong FX
21:49:09.393 [FXGL Background Thread 3 ] DEBUG Engine               - urlGithub: https://github.com/AlmasB/FXGL
21:49:09.393 [FXGL Background Thread 3 ] DEBUG Engine               - urlLeaderboard: http://fxgl-top.herokuapp.com/
21:49:09.394 [FXGL Background Thread 3 ] DEBUG Engine               - urlPOM: https://raw.githubusercontent.com/AlmasB/FXGL/release/README.md
21:49:09.394 [FXGL Background Thread 3 ] DEBUG Engine               - userAppClass: class com.pong.pingpong.PongFX
21:49:09.394 [FXGL Background Thread 3 ] DEBUG Engine               - version: prototype 0.1
21:49:09.394 [FXGL Background Thread 3 ] DEBUG Engine               - versionCheckDays: 7
21:49:09.395 [FXGL Background Thread 3 ] DEBUG Engine               - width: 854
21:49:09.395 [FXGL Background Thread 3 ] DEBUG Engine               - Logging services
21:49:09.395 [FXGL Background Thread 3 ] DEBUG Engine               - class com.almasb.fxgl.app.services.FXGLAssetLoaderService
21:49:09.395 [FXGL Background Thread 3 ] DEBUG Engine               - class com.almasb.fxgl.app.FXGLApplication$GameApplicationService
21:49:09.396 [FXGL Background Thread 3 ] DEBUG Engine               - class com.almasb.fxgl.app.services.FXGLDialogService
21:49:09.396 [FXGL Background Thread 3 ] DEBUG Engine               - class com.almasb.fxgl.app.services.IOTaskExecutorService
21:49:09.396 [FXGL Background Thread 3 ] DEBUG Engine               - class com.almasb.fxgl.io.FileSystemService
21:49:09.396 [FXGL Background Thread 3 ] DEBUG Engine               - class com.almasb.fxgl.localization.LocalizationService
21:49:09.397 [FXGL Background Thread 3 ] DEBUG Engine               - class com.almasb.fxgl.app.services.SystemBundleService
21:49:09.397 [FXGL Background Thread 3 ] DEBUG Engine               - class com.almasb.fxgl.profile.SaveLoadService
21:49:09.397 [FXGL Background Thread 3 ] DEBUG Engine               - class com.almasb.fxgl.ui.FXGLUIFactoryServiceProvider
21:49:09.397 [FXGL Background Thread 3 ] DEBUG Engine               - class com.almasb.fxgl.ui.FXGLDialogFactoryServiceProvider
21:49:09.398 [FXGL Background Thread 3 ] DEBUG Engine               - class com.almasb.fxgl.audio.AudioPlayer
21:49:09.398 [FXGL Background Thread 3 ] DEBUG Engine               - class com.almasb.fxgl.notification.impl.NotificationServiceProvider
21:49:09.398 [FXGL Background Thread 3 ] DEBUG Engine               - class com.almasb.fxgl.achievement.AchievementService
21:49:09.398 [FXGL Background Thread 3 ] DEBUG Engine               - class com.almasb.fxgl.cutscene.CutsceneService
21:49:09.398 [FXGL Background Thread 3 ] DEBUG Engine               - class com.almasb.fxgl.minigames.MiniGameService
21:49:09.399 [FXGL Background Thread 3 ] DEBUG Engine               - class com.almasb.fxgl.net.NetService
21:49:09.399 [FXGL Background Thread 3 ] DEBUG Engine               - class com.almasb.fxgl.app.services.UpdaterService
21:49:09.399 [FXGL Background Thread 3 ] DEBUG Engine               - class com.almasb.fxgl.dev.DevService
21:49:14.127 [JavaFX Application Thread] DEBUG FXGLApplication      - Exiting FXGL
21:49:14.129 [JavaFX Application Thread] DEBUG LoopRunner           - Stopping loop
21:49:14.130 [JavaFX Application Thread] DEBUG SystemBundleService  - Saving FXGL system data
21:49:14.143 [JavaFX Application Thread] DEBUG FileSystemAccess     - Writing to: D:\Dev\ping-pong\system\fxgl.bundle
21:49:14.164 [JavaFX Application Thread] DEBUG Async                - Shutting down background threads
21:49:14.166 [JavaFX Application Thread] DEBUG PrimaryStageWindow   - Closing main window
21:49:14.223 [JavaFX Application Thread] DEBUG Logger               - Closing Logger
